SF:lib/src/iterable.dart
DA:24,1
DA:25,1
DA:26,1
DA:27,1
DA:28,1
DA:30,1
DA:52,1
DA:53,1
DA:54,1
DA:55,1
DA:56,1
DA:57,2
DA:59,1
DA:78,1
DA:79,1
DA:81,1
DA:82,1
DA:85,1
DA:86,1
DA:102,1
DA:103,1
DA:104,1
DA:105,1
DA:107,1
LF:24
LH:24
end_of_record
SF:lib/src/nullable/int.dart
DA:13,1
LF:1
LH:1
end_of_record
SF:lib/src/nullable/string.dart
DA:13,1
DA:18,1
DA:23,4
LF:3
LH:3
end_of_record
SF:lib/src/utils/constants.dart
DA:13,3
DA:14,1
DA:15,1
DA:16,1
DA:17,1
DA:18,1
DA:19,1
DA:20,1
DA:21,1
DA:22,1
DA:23,1
DA:24,1
DA:25,1
DA:28,3
DA:29,1
DA:30,1
DA:31,1
DA:32,1
DA:33,1
DA:34,1
DA:35,1
LF:21
LH:21
end_of_record
SF:lib/src/context.dart
DA:23,4
DA:36,4
LF:2
LH:2
end_of_record
SF:lib/src/datetime.dart
DA:24,6
DA:37,2
DA:38,6
DA:39,6
DA:52,2
DA:53,6
DA:54,3
DA:65,3
DA:66,0
DA:67,4
DA:78,3
DA:89,2
DA:100,6
DA:111,3
DA:122,3
DA:140,1
DA:141,1
DA:142,1
DA:144,2
DA:145,0
DA:148,2
DA:149,0
DA:150,2
DA:151,0
DA:152,2
DA:153,0
DA:154,2
DA:155,0
DA:175,1
DA:176,4
DA:178,4
DA:180,4
DA:201,1
DA:202,4
DA:229,1
DA:230,2
DA:242,1
DA:243,1
DA:259,1
DA:260,3
DA:287,1
DA:288,1
DA:289,2
DA:290,1
DA:291,1
DA:292,1
DA:294,1
DA:295,1
DA:297,4
DA:317,1
DA:318,3
DA:337,1
DA:338,6
LF:53
LH:47
end_of_record
SF:lib/src/utils/format_time.dart
DA:9,1
DA:10,1
DA:11,1
DA:13,1
DA:14,1
DA:15,1
DA:16,2
DA:17,2
DA:19,1
LF:9
LH:9
end_of_record
SF:lib/src/general.dart
DA:37,2
DA:57,1
LF:2
LH:2
end_of_record
SF:lib/src/list.dart
DA:29,1
DA:30,1
DA:32,3
DA:33,1
DA:34,5
DA:35,1
DA:59,1
DA:60,1
DA:61,1
DA:63,2
DA:64,1
DA:65,1
DA:67,1
DA:71,1
DA:87,1
DA:88,3
DA:91,2
DA:92,1
DA:110,1
DA:111,4
DA:129,1
DA:130,1
DA:132,2
DA:133,1
DA:135,1
DA:136,1
DA:138,1
DA:159,1
DA:160,2
DA:161,1
DA:193,1
DA:194,1
DA:195,1
DA:196,1
DA:197,5
DA:213,1
DA:214,1
DA:215,2
DA:216,1
DA:232,1
DA:233,1
DA:234,4
DA:235,3
DA:247,1
DA:248,4
DA:267,1
DA:268,1
DA:269,1
DA:270,1
DA:272,2
DA:273,1
DA:274,2
DA:275,2
DA:278,2
DA:296,1
DA:297,2
LF:56
LH:56
end_of_record
SF:lib/src/map.dart
DA:24,1
DA:25,3
DA:43,1
DA:44,1
DA:60,1
DA:61,1
DA:62,4
DA:84,1
DA:86,1
DA:87,1
DA:90,2
DA:91,1
DA:92,1
DA:93,1
DA:114,1
DA:115,1
DA:116,1
DA:117,1
LF:18
LH:18
end_of_record
SF:lib/src/nullable/iterable.dart
DA:13,2
LF:1
LH:1
end_of_record
SF:lib/src/num.dart
DA:19,3
DA:30,0
DA:41,3
DA:52,3
DA:63,3
DA:74,3
DA:85,3
DA:98,4
DA:111,4
DA:124,1
DA:125,1
DA:126,4
DA:127,6
DA:128,1
DA:150,0
DA:151,0
LF:16
LH:13
end_of_record
SF:lib/src/string.dart
DA:22,1
DA:23,2
DA:25,5
DA:26,1
DA:42,1
DA:43,2
DA:44,5
DA:58,1
DA:59,1
DA:60,2
DA:61,3
DA:63,1
DA:79,1
DA:80,1
DA:95,1
DA:96,1
DA:112,1
DA:113,1
DA:130,0
DA:131,0
DA:145,1
DA:146,2
LF:22
LH:20
end_of_record
SF:lib/src/utils/day.dart
DA:10,1
LF:1
LH:1
end_of_record
SF:lib/src/utils/month.dart
DA:10,1
LF:1
LH:1
end_of_record
