SF:lib/src/utils/constants.dart
DA:5,3
DA:6,1
DA:7,1
DA:8,1
DA:9,1
DA:10,1
DA:11,1
DA:12,1
DA:13,1
DA:14,1
DA:15,1
DA:16,1
DA:17,1
DA:20,3
DA:21,1
DA:22,1
DA:23,1
DA:24,1
DA:25,1
DA:26,1
DA:27,1
LF:21
LH:21
end_of_record
SF:lib/src/context.dart
DA:7,0
DA:12,0
DA:19,0
DA:24,0
DA:25,0
DA:27,0
DA:28,0
DA:36,0
DA:37,0
DA:44,0
DA:45,0
DA:46,0
DA:47,0
DA:57,0
DA:65,0
DA:66,0
DA:68,0
DA:70,0
LF:18
LH:0
end_of_record
SF:lib/src/datetime.dart
DA:7,6
DA:12,1
DA:13,13
DA:18,1
DA:19,10
DA:24,3
DA:25,0
DA:26,4
DA:31,3
DA:37,2
DA:42,6
DA:47,3
DA:52,3
DA:58,1
DA:59,1
DA:60,1
DA:62,2
DA:63,0
DA:64,2
DA:65,0
DA:66,2
DA:67,0
DA:68,2
DA:69,0
LF:24
LH:19
end_of_record
SF:lib/src/general.dart
DA:15,2
DA:20,1
LF:2
LH:2
end_of_record
SF:lib/src/iteration.dart
DA:2,1
DA:3,2
DA:4,1
DA:9,1
DA:10,1
DA:11,1
DA:12,1
DA:13,5
LF:8
LH:8
end_of_record
SF:lib/src/list.dart
DA:8,1
DA:9,1
DA:11,3
DA:12,6
DA:13,1
DA:23,1
DA:24,3
DA:27,2
DA:28,1
DA:39,1
DA:40,4
DA:46,1
DA:47,1
DA:49,2
DA:50,1
DA:52,1
DA:53,1
DA:55,1
LF:18
LH:18
end_of_record
SF:lib/src/string.dart
DA:3,1
DA:4,2
DA:6,5
DA:7,1
DA:11,1
DA:12,2
DA:14,5
DA:18,1
DA:19,1
DA:20,2
DA:21,3
DA:24,1
LF:12
LH:12
end_of_record
SF:lib/src/utils/day.dart
DA:3,1
LF:1
LH:1
end_of_record
SF:lib/src/utils/month.dart
DA:3,1
LF:1
LH:1
end_of_record
